<?xml version="1.0" encoding="UTF-8"?>
<!-- Generated by org.testng.reporters.JUnitReportReporter -->
<testsuite hostname="User-PC" name="Pck1.Myntra" tests="1" failures="0" timestamp="20 Nov 2019 10:50:14 GMT" time="26.092" errors="0">
  <testcase name="f" time="26.092" classname="Pck1.Myntra"/>
</testsuite> <!-- Pck1.Myntra -->
