<?xml version="1.0" encoding="UTF-8"?>
<!-- Generated by org.testng.reporters.JUnitReportReporter -->
<testsuite hostname="User-PC" name="pck2.Amazon" tests="1" failures="0" timestamp="20 Nov 2019 10:50:14 GMT" time="8.369" errors="0">
  <testcase name="f" time="8.369" classname="pck2.Amazon"/>
</testsuite> <!-- pck2.Amazon -->
