<?xml version="1.0" encoding="UTF-8"?>
<!-- Generated by org.testng.reporters.JUnitReportReporter -->
<testsuite hostname="User-PC" name="Pack3.fb" tests="1" failures="0" timestamp="20 Nov 2019 10:50:14 GMT" time="27.935" errors="0">
  <testcase name="f" time="27.935" classname="Pack3.fb"/>
</testsuite> <!-- Pack3.fb -->
