<?xml version="1.0" encoding="UTF-8"?>
<!-- Generated by org.testng.reporters.JUnitReportReporter -->
<testsuite hostname="User-PC" name="Parameter.TC1" tests="3" failures="0" timestamp="20 Nov 2019 10:14:35 GMT" time="44.018" errors="0">
  <testcase name="Parameter" time="14.343" classname="Parameter.TC1"/>
  <testcase name="Parameter" time="13.913" classname="Parameter.TC1"/>
  <testcase name="Parameter" time="15.762" classname="Parameter.TC1"/>
</testsuite> <!-- Parameter.TC1 -->
