<?xml version="1.0" encoding="UTF-8"?>
<!-- Generated by org.testng.reporters.JUnitReportReporter -->
<testsuite hostname="User-PC" name="Pack1.DataD1" tests="3" failures="0" timestamp="21 Nov 2019 05:53:58 GMT" time="37.789" errors="0">
  <testcase name="f" time="11.784" classname="Pack1.DataD1"/>
  <testcase name="f" time="13.517" classname="Pack1.DataD1"/>
  <testcase name="f" time="12.488" classname="Pack1.DataD1"/>
</testsuite> <!-- Pack1.DataD1 -->
