<?xml version="1.0" encoding="UTF-8"?>
<!-- Generated by org.testng.reporters.JUnitReportReporter -->
<testsuite hostname="User-PC" name="Pack2.Amazon" tests="1" failures="0" timestamp="16 Dec 2019 10:22:29 GMT" time="14.680" errors="0">
  <testcase name="f" time="14.680" classname="Pack2.Amazon"/>
</testsuite> <!-- Pack2.Amazon -->
